  Validating architecture
  Validating sources
  Copying sources remotely to '192.168.5.129'
  Starting remote build
  Compiling sources:
  Accept.cc
E:\linux\tiny_zxc_rpc\Accept.cc(40,5): warning : this ‘if’ clause does not guard... [-Wmisleading-indentation]
E:\linux\tiny_zxc_rpc\Accept.cc(40,5): warning :      if (ret == -1)
E:\linux\tiny_zxc_rpc\Accept.cc(40,5): warning :      ^~
E:\linux\tiny_zxc_rpc\Accept.cc(45,2): message : ...this statement, but the latter is misleadingly indented as if it were guarded by the ‘if’
  Buffer.cc
  Channel.cc
  EventLoop.cc
E:\linux\tiny_zxc_rpc\EventLoop.cc(18,17): warning : conversion to ‘int’ from ‘long int’ may alter its value [-Wconversion]
E:\linux\tiny_zxc_rpc\EventLoop.cc(18,17): warning :    return syscall(SYS_gettid);
E:\linux\tiny_zxc_rpc\EventLoop.cc(18,17): warning :           ~~~~~~~^~~~~~~~~~~~
  EventLoopThread.cc
  EventLoopThreadPool.cpp
  InetAddress.cc
  Logger.c
cc1 : warning : command line option ‘-fthreadsafe-statics’ is valid for C++/ObjC++ but not for C
cc1 : warning : command line option ‘-frtti’ is valid for C++/ObjC++ but not for C
E:\linux\tiny_zxc_rpc\Logger.c(64,7): warning : conversion to ‘size_t {aka long unsigned int}’ from ‘int’ may change the sign of the result [-Wsign-conversion]
E:\linux\tiny_zxc_rpc\Logger.c(64,7): warning :      i += timestamp(data, 32);
E:\linux\tiny_zxc_rpc\Logger.c(64,7): warning :        ^~
E:\linux\tiny_zxc_rpc\Logger.c(65,7): warning : conversion to ‘size_t {aka long unsigned int}’ from ‘int’ may change the sign of the result [-Wsign-conversion]
E:\linux\tiny_zxc_rpc\Logger.c(65,7): warning :      i += sprintf(data + i, " [%d]", getpid());
E:\linux\tiny_zxc_rpc\Logger.c(65,7): warning :        ^~
E:\linux\tiny_zxc_rpc\Logger.c(66,7): warning : conversion to ‘size_t {aka long unsigned int}’ from ‘int’ may change the sign of the result [-Wsign-conversion]
E:\linux\tiny_zxc_rpc\Logger.c(66,7): warning :      i += sprintf(data + i, " %s ", log_level_str[level]);
E:\linux\tiny_zxc_rpc\Logger.c(66,7): warning :        ^~
E:\linux\tiny_zxc_rpc\Logger.c(72,15): warning : implicit declaration of function ‘dprintf’; did you mean ‘vprintf’? [-Wimplicit-function-declaration]
E:\linux\tiny_zxc_rpc\Logger.c(92,7): warning : conversion to ‘size_t {aka long unsigned int}’ from ‘int’ may change the sign of the result [-Wsign-conversion]
E:\linux\tiny_zxc_rpc\Logger.c(92,7): warning :      i += timestamp(data, 32);
E:\linux\tiny_zxc_rpc\Logger.c(92,7): warning :        ^~
E:\linux\tiny_zxc_rpc\Logger.c(93,7): warning : conversion to ‘size_t {aka long unsigned int}’ from ‘int’ may change the sign of the result [-Wsign-conversion]
E:\linux\tiny_zxc_rpc\Logger.c(93,7): warning :      i += sprintf(data + i, " [%d]", getpid());
E:\linux\tiny_zxc_rpc\Logger.c(93,7): warning :        ^~
E:\linux\tiny_zxc_rpc\Logger.c(94,7): warning : conversion to ‘size_t {aka long unsigned int}’ from ‘int’ may change the sign of the result [-Wsign-conversion]
E:\linux\tiny_zxc_rpc\Logger.c(117,5): warning : implicit declaration of function ‘gmtime_r’; did you mean ‘gmtime’? [-Wimplicit-function-declaration]
E:\linux\tiny_zxc_rpc\Logger.c(117,5): warning :      gmtime_r(&seconds, &tm_time);
E:\linux\tiny_zxc_rpc\Logger.c(117,5): warning :      ^~~~~~~~
E:\linux\tiny_zxc_rpc\Logger.c(117,5): warning :      gmtime
  Poller.cc
E:\linux\tiny_zxc_rpc\Poller.cc(99,26): warning : comparison between signed and unsigned integer expressions [-Wsign-compare]
E:\linux\tiny_zxc_rpc\Poller.cc(99,26): warning :     if( pollFds_.size()-1 == ( channel->index())) {
E:\linux\tiny_zxc_rpc\Poller.cc(99,26): warning :         ~~~~~~~~~~~~~~~~~~^~~~~~~~~~~~~~~~~~~~~~
  RpcServer.cc
E:\linux\tiny_zxc_rpc\BaseRPC.hpp(136,17): warning : "/*" within comment [-Wcomment]
E:\linux\tiny_zxc_rpc\SerializationAntiserialization.hpp(42,15): warning : conversion to ‘int’ from ‘__gnu_cxx::__normal_iterator<char*, std::vector<char> >::difference_type {aka long int}’ may alter its value [-Wconversion]
E:\linux\tiny_zxc_rpc\SerializationAntiserialization.hpp(42,15): warning :     return itr - (begin()+m_curpos);
E:\linux\tiny_zxc_rpc\SerializationAntiserialization.hpp(42,15): warning :            ~~~~^~~~~~~~~~~~~~~~~~~~
E:\linux\tiny_zxc_rpc\SerializationAntiserialization.hpp(74,25): warning : conversion to ‘int’ from ‘std::vector<char>::size_type {aka long unsigned int}’ may alter its value [-Wconversion]
E:\linux\tiny_zxc_rpc\SerializationAntiserialization.hpp(74,25): warning :    return m_iodevice.size();
E:\linux\tiny_zxc_rpc\SerializationAntiserialization.hpp(74,25): warning :           ~~~~~~~~~~~~~~~^~
E:\linux\tiny_zxc_rpc\SerializationAntiserialization.hpp(190,24): warning : conversion to ‘uint16_t {aka short unsigned int}’ from ‘std::__cxx11::basic_string<char>::size_type {aka long unsigned int}’ may alter its value [-Wconversion]
E:\linux\tiny_zxc_rpc\SerializationAntiserialization.hpp(190,24): warning :   uint16_t len = in.size();
E:\linux\tiny_zxc_rpc\SerializationAntiserialization.hpp(190,24): warning :                  ~~~~~~~^~
E:\linux\tiny_zxc_rpc\BaseRPC.hpp(164,81): warning : conversion to ‘int’ from ‘std::__cxx11::basic_string<char>::size_type {aka long unsigned int}’ may alter its value [-Wconversion]
E:\linux\tiny_zxc_rpc\BaseRPC.hpp(164,81): warning :        SerializationAntiserialization* r = call_(funname, ds.current(), ds.size()- funname.size());
E:\linux\tiny_zxc_rpc\BaseRPC.hpp(164,81): warning :                                                                         ~~~~~~~~~^~~~~~~~~~~~~~~~
E:\linux\tiny_zxc_rpc\RpcServer.h(36,18): warning : ‘RpcServer::inetAddress_’ will be initialized after [-Wreorder]
E:\linux\tiny_zxc_rpc\RpcServer.h(36,18): warning :      InetAddress* inetAddress_;
E:\linux\tiny_zxc_rpc\RpcServer.h(36,18): warning :                   ^~~~~~~~~~~~
E:\linux\tiny_zxc_rpc\RpcServer.h(35,9): warning : ‘int RpcServer::threadNum_’ [-Wreorder]
E:\linux\tiny_zxc_rpc\RpcServer.h(35,9): warning :      int threadNum_;
E:\linux\tiny_zxc_rpc\RpcServer.h(35,9): warning :          ^~~~~~~~~~
E:\linux\tiny_zxc_rpc\RpcServer.cc(12,1): warning : when initialized here [-Wreorder]
E:\linux\tiny_zxc_rpc\RpcServer.cc(41,34): warning : conversion to ‘int’ from ‘size_t {aka long unsigned int}’ may alter its value [-Wconversion]
E:\linux\tiny_zxc_rpc\RpcServer.cc(41,34): warning :   const int temp=buf.readableBytes();
E:\linux\tiny_zxc_rpc\RpcServer.cc(41,34): warning :                  ~~~~~~~~~~~~~~~~~^~
  TcpConnection.cc
E:\linux\tiny_zxc_rpc\TcpConnection.cc(124,27): warning : conversion to ‘int’ from ‘ssize_t {aka long int}’ may alter its value [-Wconversion]
E:\linux\tiny_zxc_rpc\TcpConnection.cc(124,27): warning :     n = inputBuffer_.readFd(connfd_, &savedErrno);
E:\linux\tiny_zxc_rpc\TcpConnection.cc(124,27): warning :         ~~~~~~~~~~~~~~~~~~~^~~~~~~~~~~~~~~~~~~~~~
  TcpServer.cc
  TcpServerMulti.cc
  test7.cc
E:\linux\tiny_zxc_rpc\BaseRPC.hpp(136,17): warning : "/*" within comment [-Wcomment]
E:\linux\tiny_zxc_rpc\SerializationAntiserialization.hpp(42,15): warning : conversion to ‘int’ from ‘__gnu_cxx::__normal_iterator<char*, std::vector<char> >::difference_type {aka long int}’ may alter its value [-Wconversion]
E:\linux\tiny_zxc_rpc\SerializationAntiserialization.hpp(42,15): warning :     return itr - (begin()+m_curpos);
E:\linux\tiny_zxc_rpc\SerializationAntiserialization.hpp(42,15): warning :            ~~~~^~~~~~~~~~~~~~~~~~~~
E:\linux\tiny_zxc_rpc\SerializationAntiserialization.hpp(74,25): warning : conversion to ‘int’ from ‘std::vector<char>::size_type {aka long unsigned int}’ may alter its value [-Wconversion]
E:\linux\tiny_zxc_rpc\SerializationAntiserialization.hpp(74,25): warning :    return m_iodevice.size();
E:\linux\tiny_zxc_rpc\SerializationAntiserialization.hpp(74,25): warning :           ~~~~~~~~~~~~~~~^~
E:\linux\tiny_zxc_rpc\SerializationAntiserialization.hpp(190,24): warning : conversion to ‘uint16_t {aka short unsigned int}’ from ‘std::__cxx11::basic_string<char>::size_type {aka long unsigned int}’ may alter its value [-Wconversion]
E:\linux\tiny_zxc_rpc\SerializationAntiserialization.hpp(190,24): warning :   uint16_t len = in.size();
E:\linux\tiny_zxc_rpc\SerializationAntiserialization.hpp(190,24): warning :                  ~~~~~~~^~
E:\linux\tiny_zxc_rpc\BaseRPC.hpp(164,81): warning : conversion to ‘int’ from ‘std::__cxx11::basic_string<char>::size_type {aka long unsigned int}’ may alter its value [-Wconversion]
E:\linux\tiny_zxc_rpc\BaseRPC.hpp(164,81): warning :        SerializationAntiserialization* r = call_(funname, ds.current(), ds.size()- funname.size());
E:\linux\tiny_zxc_rpc\BaseRPC.hpp(164,81): warning :                                                                         ~~~~~~~~~^~~~~~~~~~~~~~~~
E:\linux\tiny_zxc_rpc\test7.cc(46,27): warning : conversion to ‘int’ from ‘size_t {aka long unsigned int}’ may alter its value [-Wconversion]
E:\linux\tiny_zxc_rpc\test7.cc(46,27): warning :   int p = buf.readableBytes();
E:\linux\tiny_zxc_rpc\test7.cc(46,27): warning :           ~~~~~~~~~~~~~~~~~^~
E:\linux\tiny_zxc_rpc\test7.cc(68,8): warning : conversion to ‘char’ from ‘int’ may alter its value [-Wconversion]
E:\linux\tiny_zxc_rpc\test7.cc(68,8): warning :    (*i) -= 32;
E:\linux\tiny_zxc_rpc\test7.cc(68,8): warning :    ~~~~~^~~~~
  ThreadPool.cc
  TimerQueue.cc
  Linking objects
  ConsoleApplication1.vcxproj -> E:\linux\tiny_zxc_rpc\all_muduo\ConsoleApplication1\ConsoleApplication1\bin\x64\Debug\ConsoleApplication1.out
